2023.12.05 00:23:54 INFO  Started: Metals version 1.0.1 in folders '/Users/chamikamac/Desktop/RAKSHA/liquid' for client Visual Studio Code 1.84.2.
Dec 05, 2023 12:23:54 AM org.flywaydb.core.internal.license.VersionPrinter printVersionOnly
INFO: Flyway Community Edition 9.21.2 by Redgate
Dec 05, 2023 12:23:54 AM org.flywaydb.core.internal.license.VersionPrinter printVersion
INFO: See release notes here: https://rd.gt/416ObMi
Dec 05, 2023 12:23:54 AM org.flywaydb.core.internal.license.VersionPrinter printVersion
INFO: 
Dec 05, 2023 12:23:54 AM org.flywaydb.core.FlywayExecutor execute
INFO: Database: jdbc:h2:file:/Users/chamikamac/Desktop/RAKSHA/liquid/.metals/metals (H2 2.1)
Dec 05, 2023 12:23:54 AM org.flywaydb.core.internal.schemahistory.JdbcTableSchemaHistory allAppliedMigrations
INFO: Schema history table "PUBLIC"."flyway_schema_history" does not exist yet
Dec 05, 2023 12:23:54 AM org.flywaydb.core.internal.command.DbValidate validate
INFO: Successfully validated 4 migrations (execution time 00:00.025s)
Dec 05, 2023 12:23:54 AM org.flywaydb.core.internal.schemahistory.JdbcTableSchemaHistory create
INFO: Creating Schema History table "PUBLIC"."flyway_schema_history" ...
Dec 05, 2023 12:23:54 AM org.flywaydb.core.internal.command.DbMigrate migrateGroup
INFO: Current version of schema "PUBLIC": << Empty Schema >>
Dec 05, 2023 12:23:54 AM org.flywaydb.core.internal.command.DbMigrate doMigrateGroup
INFO: Migrating schema "PUBLIC" to version "1 - Create tables"
Dec 05, 2023 12:23:54 AM org.flywaydb.core.internal.command.DbMigrate doMigrateGroup
INFO: Migrating schema "PUBLIC" to version "2 - Server discovery"
Dec 05, 2023 12:23:54 AM org.flywaydb.core.internal.command.DbMigrate doMigrateGroup
INFO: Migrating schema "PUBLIC" to version "3 - Jar symbols"
Dec 05, 2023 12:23:54 AM org.flywaydb.core.internal.command.DbMigrate doMigrateGroup
INFO: Migrating schema "PUBLIC" to version "4 - Fingerprints"
Dec 05, 2023 12:23:54 AM org.flywaydb.core.internal.command.DbMigrate logSummary
INFO: Successfully applied 4 migrations to schema "PUBLIC", now at version v4 (execution time 00:00.034s)
2023.12.05 00:23:54 INFO  time: initialize in 0.75s
2023.12.05 00:23:58 WARN  Build server is not auto-connectable.
2023.12.05 00:23:58 WARN  no build tool detected in workspace '/Users/chamikamac/Desktop/RAKSHA/liquid'. The most common cause for this problem is that the editor was opened in the wrong working directory, for example if you use sbt then the workspace directory should contain build.sbt. 
Dec 05, 2023 12:45:57 AM org.eclipse.lsp4j.jsonrpc.services.GenericEndpoint notify
INFO: Unsupported notification method: $/setTrace
2023.12.05 00:47:37 INFO  Shutting down server
2023.12.05 00:47:37 INFO  shutting down Metals
2023.12.05 00:47:37 INFO  Exiting server
